<?xml version="1.0" encoding="UTF-8"?>
<!-- Generated by org.testng.reporters.JUnitReportReporter -->
<testsuite hostname="LAPTOP-A4ROGLP3" failures="0" tests="5" name="Parallel_And_CrossBrowser_Testing.Amazon" time="-1696397312.000" errors="1" timestamp="2023-10-04T10:57:13 IST" skipped="4">
  <testcase classname="Parallel_And_CrossBrowser_Testing.Amazon" name="flipkart" time="0.001">
    <skipped/>
  </testcase> <!-- flipkart -->
  <system-out/>
  <testcase classname="Parallel_And_CrossBrowser_Testing.Amazon" name="trip" time="0.000">
    <skipped/>
  </testcase> <!-- trip -->
  <system-out/>
  <testcase classname="Parallel_And_CrossBrowser_Testing.Amazon" name="icc" time="0.000">
    <skipped/>
  </testcase> <!-- icc -->
  <system-out/>
  <testcase classname="Parallel_And_CrossBrowser_Testing.Amazon" name="launch" time="-1696397312.000">
    <error message="
Parameter &#039;test&#039; is required by BeforeMethod on method launch but has not been marked @Optional or defined
in C:\Users\PRANABENDU\git\SDET49\TestYantraProject\paralleMethods.xml" type="org.testng.TestNGException">
      <![CDATA[org.testng.TestNGException: 
Parameter 'test' is required by BeforeMethod on method launch but has not been marked @Optional or defined
in C:\Users\PRANABENDU\git\SDET49\TestYantraProject\paralleMethods.xml
at org.testng.internal.Parameters.createParams(Parameters.java:267)
at org.testng.internal.Parameters.createParametersForMethod(Parameters.java:355)
at org.testng.internal.Parameters.createParameters(Parameters.java:684)
at org.testng.internal.Parameters.createConfigurationParameters(Parameters.java:166)
at org.testng.internal.invokers.ConfigInvoker.invokeConfigurations(ConfigInvoker.java:277)
at org.testng.internal.invokers.TestInvoker.runConfigMethods(TestInvoker.java:823)
at org.testng.internal.invokers.TestInvoker.invokeMethod(TestInvoker.java:590)
at org.testng.internal.invokers.TestInvoker.invokeTestMethod(TestInvoker.java:221)
at org.testng.internal.invokers.MethodRunner.runInSequence(MethodRunner.java:50)
at org.testng.internal.invokers.TestInvoker$MethodInvocationAgent.invoke(TestInvoker.java:969)
at org.testng.internal.invokers.TestInvoker.invokeTestMethods(TestInvoker.java:194)
at org.testng.internal.invokers.TestMethodWorker.invokeTestMethods(TestMethodWorker.java:148)
at org.testng.internal.invokers.TestMethodWorker.run(TestMethodWorker.java:128)
at java.base/java.util.concurrent.ThreadPoolExecutor.runWorker(ThreadPoolExecutor.java:1136)
at java.base/java.util.concurrent.ThreadPoolExecutor$Worker.run(ThreadPoolExecutor.java:635)
at java.base/java.lang.Thread.run(Thread.java:833)
]]>
    </error>
  </testcase> <!-- launch -->
  <system-out/>
  <testcase classname="Parallel_And_CrossBrowser_Testing.Amazon" name="amazon" time="0.001">
    <skipped/>
  </testcase> <!-- amazon -->
  <system-out/>
</testsuite> <!-- Parallel_And_CrossBrowser_Testing.Amazon -->
