<?xml version="1.0" encoding="UTF-8"?>
<!-- Generated by org.testng.reporters.JUnitXMLReporter -->
<testsuite ignored="0" hostname="LAPTOP-A4ROGLP3" failures="0" tests="4" name="Test" time="0.072" errors="0" timestamp="2023-10-04T10:57:13 IST">
  <testcase classname="Parallel_And_CrossBrowser_Testing.ParallelBaseClass" name="@BeforeMethod launch" time="-1.69639723296E9">
    <failure type="org.testng.TestNGException" message="
Parameter &amp;apos;test&amp;apos; is required by BeforeMethod on method launch but has not been marked @Optional or defined
in C:\Users\PRANABENDU\git\SDET49\TestYantraProject\paralleMethods.xml">
      <![CDATA[org.testng.TestNGException: 
Parameter 'test' is required by BeforeMethod on method launch but has not been marked @Optional or defined
in C:\Users\PRANABENDU\git\SDET49\TestYantraProject\paralleMethods.xml
at java.base/java.util.concurrent.ThreadPoolExecutor.runWorker(ThreadPoolExecutor.java:1136)
at java.base/java.util.concurrent.ThreadPoolExecutor$Worker.run(ThreadPoolExecutor.java:635)
at java.base/java.lang.Thread.run(Thread.java:833)
... Removed 13 stack frames]]>
    </failure>
  </testcase> <!-- @BeforeMethod launch -->
  <testcase classname="Parallel_And_CrossBrowser_Testing.ParallelBaseClass" name="@BeforeMethod launch" time="0.0">
    <skipped/>
  </testcase> <!-- @BeforeMethod launch -->
  <testcase classname="Parallel_And_CrossBrowser_Testing.ParallelBaseClass" name="@BeforeMethod launch" time="0.0">
    <skipped/>
  </testcase> <!-- @BeforeMethod launch -->
  <testcase classname="Parallel_And_CrossBrowser_Testing.ParallelBaseClass" name="@BeforeMethod launch" time="0.0">
    <skipped/>
  </testcase> <!-- @BeforeMethod launch -->
  <testcase classname="Parallel_And_CrossBrowser_Testing.Amazon" name="amazon" time="0.001">
    <skipped/>
  </testcase> <!-- amazon -->
  <testcase classname="Parallel_And_CrossBrowser_Testing.Amazon" name="flipkart" time="0.001">
    <skipped/>
  </testcase> <!-- flipkart -->
  <testcase classname="Parallel_And_CrossBrowser_Testing.Amazon" name="icc" time="0.0">
    <skipped/>
  </testcase> <!-- icc -->
  <testcase classname="Parallel_And_CrossBrowser_Testing.Amazon" name="trip" time="0.0">
    <skipped/>
  </testcase> <!-- trip -->
</testsuite> <!-- Test -->
